This file contains any messages produced by compilers while
running configure, to aid debugging if configure makes a mistake.

It was created by newlib configure 3.0.0, which was
generated by GNU Autoconf 2.68.  Invocation command line was

  $ ../../../../../../newlib/newlib/libc/machine/x86_64/configure --disable-option-checking --prefix=/usr/local/ooos_sysroot/usr --with-newlib --enable-multilib --with-cross-host=x86_64-pc-linux-gnu --with-sysroot=/usr/local/ooos_sysroot --program-transform-name=s&^&x86_64-ooos-& --with-target-subdir=x86_64-ooos --build=x86_64-pc-linux-gnu --host=x86_64-ooos --target=x86_64-ooos build_alias=x86_64-pc-linux-gnu host_alias=x86_64-ooos target_alias=x86_64-ooos CC=x86_64-ooos-gcc -B/home/nathan/build-newlib/x86_64-ooos/newlib/ -isystem /home/nathan/build-newlib/x86_64-ooos/newlib/targ-include -isystem /home/nathan/newlib/newlib/libc/include -B/home/nathan/build-newlib/x86_64-ooos/libgloss/x86_64 -L/home/nathan/build-newlib/x86_64-ooos/libgloss/libnosys -L/home/nathan/newlib/libgloss/x86_64    CFLAGS=-g -O2 LDFLAGS= CPPFLAGS= --cache-file=../../.././config.cache --srcdir=../../../../../../newlib/newlib/libc/machine/x86_64


hostname = LAPTOP-NO9QCLST
uname -m = x86_64
uname -r = 5.15.167.4-microsoft-standard-WSL2
uname -s = Linux
uname -v = #1 SMP Tue Nov 5 00:21:55 UTC 2024

/usr/bin/uname -p = x86_64
/bin/uname -X     = unknown

/bin/arch              = x86_64
/usr/bin/arch -k       = unknown
/usr/convex/getsysinfo = unknown
/usr/bin/hostinfo      = unknown
/bin/machine           = unknown
/usr/bin/oslevel       = unknown
/bin/universe          = unknown

PATH: /usr/local/ooos_sysroot/usr/bin
PATH: /usr/local/cross/bin
PATH: /usr/local/sbin
PATH: /usr/local/bin
PATH: /usr/sbin
PATH: /usr/bin
PATH: /sbin
PATH: /bin
PATH: /usr/games
PATH: /usr/local/games
PATH: /usr/lib/wsl/lib
PATH: /mnt/c/Program Files/Common Files/Oracle/Java/javapath
PATH: /mnt/c/Windows/system32
PATH: /mnt/c/Windows
PATH: /mnt/c/Windows/System32/Wbem
PATH: /mnt/c/Windows/System32/WindowsPowerShell/v1.0/
PATH: /mnt/c/Windows/System32/OpenSSH/
PATH: /mnt/c/Program Files (x86)/NVIDIA Corporation/PhysX/Common
PATH: /mnt/c/Program Files/NVIDIA Corporation/NVIDIA NvDLISR
PATH: /mnt/c/Program Files/Intel/WiFi/bin/
PATH: /mnt/c/Program Files/Common Files/Intel/WirelessCommon/
PATH: /mnt/c/WINDOWS/system32
PATH: /mnt/c/WINDOWS
PATH: /mnt/c/WINDOWS/System32/Wbem
PATH: /mnt/c/WINDOWS/System32/WindowsPowerShell/v1.0/
PATH: /mnt/c/WINDOWS/System32/OpenSSH/
PATH: /mnt/c/Program Files/Microsoft SQL Server/150/Tools/Binn/
PATH: /mnt/c/Program Files/Microsoft SQL Server/Client SDK/ODBC/170/Tools/Binn/
PATH: /mnt/c/Program Files (x86)/Common Files/Intuit/QBPOSSDKRuntime
PATH: /mnt/c/apache-maven-3.9.6/bin
PATH: /mnt/c/msys64/mingw64/bin
PATH: /mnt/c/msys64
PATH: /mnt/c/msys64/usr/bin
PATH: /mnt/c/Program Files/Certbot/bin
PATH: /mnt/c/Program Files (x86)/Windows Kits/10/bin/10.0.22621.0/x64
PATH: /mnt/c/Program Files/dotnet/
PATH: /mnt/c/Program Files (x86)/Windows Kits/10/Windows Performance Toolkit/
PATH: /mnt/c/Program Files/Git/cmd
PATH: /mnt/c/Users/ATR Orientation/AppData/Local/Programs/Python/Launcher/
PATH: /mnt/c/Program Files/MySQL/MySQL Shell 8.0/bin/
PATH: /mnt/c/Users/ATR Orientation/AppData/Local/Microsoft/WindowsApps
PATH: /mnt/c/Program Files/JetBrains/IntelliJ IDEA 2023.3.4/bin
PATH: /mnt/c/Users/ATR Orientation/.dotnet/tools
PATH: /snap/bin



configure:1727: loading cache ../../.././config.cache
configure:1845: checking build system type
configure:1859: result: x86_64-pc-linux-gnu
configure:1879: checking host system type
configure:1892: result: x86_64-pc-ooos
configure:1928: checking for a BSD-compatible install
configure:1996: result: /usr/bin/install -c
configure:2007: checking whether build environment is sane
configure:2057: result: yes
configure:2106: checking for x86_64-ooos-strip
configure:2133: result: x86_64-ooos-strip
configure:2198: checking for a thread-safe mkdir -p
configure:2237: result: /usr/bin/mkdir -p
configure:2250: checking for gawk
configure:2277: result: gawk
configure:2288: checking whether make sets $(MAKE)
configure:2310: result: yes
configure:2340: checking for style of include used by make
configure:2368: result: GNU
configure:2590: checking for gcc
configure:2617: result: x86_64-ooos-gcc -B/home/nathan/build-newlib/x86_64-ooos/newlib/ -isystem /home/nathan/build-newlib/x86_64-ooos/newlib/targ-include -isystem /home/nathan/newlib/newlib/libc/include -B/home/nathan/build-newlib/x86_64-ooos/libgloss/x86_64 -L/home/nathan/build-newlib/x86_64-ooos/libgloss/libnosys -L/home/nathan/newlib/libgloss/x86_64   
configure:2628: checking dependency style of x86_64-ooos-gcc -B/home/nathan/build-newlib/x86_64-ooos/newlib/ -isystem /home/nathan/build-newlib/x86_64-ooos/newlib/targ-include -isystem /home/nathan/newlib/newlib/libc/include -B/home/nathan/build-newlib/x86_64-ooos/libgloss/x86_64 -L/home/nathan/build-newlib/x86_64-ooos/libgloss/libnosys -L/home/nathan/newlib/libgloss/x86_64   
configure:2739: result: gcc3
configure:2812: checking whether we are using GNU C
configure:2833: result: yes
configure:2842: checking whether x86_64-ooos-gcc -B/home/nathan/build-newlib/x86_64-ooos/newlib/ -isystem /home/nathan/build-newlib/x86_64-ooos/newlib/targ-include -isystem /home/nathan/newlib/newlib/libc/include -B/home/nathan/build-newlib/x86_64-ooos/libgloss/x86_64 -L/home/nathan/build-newlib/x86_64-ooos/libgloss/libnosys -L/home/nathan/newlib/libgloss/x86_64    accepts -g
configure:2903: result: no
configure:2936: checking for x86_64-ooos-as
configure:2963: result: x86_64-ooos-as
configure:3028: checking for x86_64-ooos-ar
configure:3055: result: x86_64-ooos-ar
configure:3120: checking for x86_64-ooos-ranlib
configure:3147: result: x86_64-ooos-ranlib
configure:3212: checking for x86_64-ooos-readelf
configure:3239: result: x86_64-ooos-readelf
configure:3308: checking whether to enable maintainer-specific portions of Makefiles
configure:3317: result: no
configure:3616: creating ./config.status


This file was extended by newlib config.status 3.0.0, which was
generated by GNU Autoconf 2.68.  Invocation command line was

  CONFIG_FILES    = 
  CONFIG_HEADERS  = 
  CONFIG_LINKS    = 
  CONFIG_COMMANDS = 
  $ ./config.status 

on LAPTOP-NO9QCLST

config.status:818: creating Makefile
config.status:975: executing depfiles commands


ac_cv_build=x86_64-pc-linux-gnu
ac_cv_c_compiler_gnu=yes
ac_cv_env_CCASFLAGS_set=
ac_cv_env_CCASFLAGS_value=
ac_cv_env_CCAS_set=
ac_cv_env_CCAS_value=
ac_cv_env_CC_set=set
ac_cv_env_CC_value='x86_64-ooos-gcc -B/home/nathan/build-newlib/x86_64-ooos/newlib/ -isystem /home/nathan/build-newlib/x86_64-ooos/newlib/targ-include -isystem /home/nathan/newlib/newlib/libc/include -B/home/nathan/build-newlib/x86_64-ooos/libgloss/x86_64 -L/home/nathan/build-newlib/x86_64-ooos/libgloss/libnosys -L/home/nathan/newlib/libgloss/x86_64   '
ac_cv_env_CFLAGS_set=set
ac_cv_env_CFLAGS_value='-g -O2'
ac_cv_env_CPPFLAGS_set=set
ac_cv_env_CPPFLAGS_value=
ac_cv_env_CPP_set=
ac_cv_env_CPP_value=
ac_cv_env_LDFLAGS_set=set
ac_cv_env_LDFLAGS_value=
ac_cv_env_LIBS_set=
ac_cv_env_LIBS_value=
ac_cv_env_LT_SYS_LIBRARY_PATH_set=
ac_cv_env_LT_SYS_LIBRARY_PATH_value=
ac_cv_env_build_alias_set=set
ac_cv_env_build_alias_value=x86_64-pc-linux-gnu
ac_cv_env_host_alias_set=set
ac_cv_env_host_alias_value=x86_64-ooos
ac_cv_env_target_alias_set=set
ac_cv_env_target_alias_value=x86_64-ooos
ac_cv_host=x86_64-pc-ooos
ac_cv_path_SED=/usr/bin/sed
ac_cv_path_mkdir=/usr/bin/mkdir
ac_cv_prog_AR=x86_64-ooos-ar
ac_cv_prog_AS=x86_64-ooos-as
ac_cv_prog_AWK=gawk
ac_cv_prog_CC='x86_64-ooos-gcc -B/home/nathan/build-newlib/x86_64-ooos/newlib/ -isystem /home/nathan/build-newlib/x86_64-ooos/newlib/targ-include -isystem /home/nathan/newlib/newlib/libc/include -B/home/nathan/build-newlib/x86_64-ooos/libgloss/x86_64 -L/home/nathan/build-newlib/x86_64-ooos/libgloss/libnosys -L/home/nathan/newlib/libgloss/x86_64   '
ac_cv_prog_RANLIB=x86_64-ooos-ranlib
ac_cv_prog_READELF=x86_64-ooos-readelf
ac_cv_prog_STRIP=x86_64-ooos-strip
ac_cv_prog_cc_g=no
ac_cv_prog_make_make_set=yes
acnewlib_cv_type_long_double=yes
am_cv_CC_dependencies_compiler_type=gcc3
am_cv_make_support_nested_variables=yes
libc_cv_cc_loop_to_function=yes
libc_cv_initfinit_array=yes
newlib_cv_build_exeext=no
newlib_cv_ldbl_eq_dbl=no


ACLOCAL='${SHELL} /home/nathan/newlib/missing --run aclocal-1.11'
AMDEPBACKSLASH='\'
AMDEP_FALSE='#'
AMDEP_TRUE=''
AMTAR='$${TAR-tar}'
AR='x86_64-ooos-ar'
AS='x86_64-ooos-as'
AUTOCONF='${SHELL} /home/nathan/newlib/missing --run autoconf'
AUTOHEADER='${SHELL} /home/nathan/newlib/missing --run autoheader'
AUTOMAKE='${SHELL} /home/nathan/newlib/missing --run automake-1.11'
AWK='gawk'
CC='x86_64-ooos-gcc -B/home/nathan/build-newlib/x86_64-ooos/newlib/ -isystem /home/nathan/build-newlib/x86_64-ooos/newlib/targ-include -isystem /home/nathan/newlib/newlib/libc/include -B/home/nathan/build-newlib/x86_64-ooos/libgloss/x86_64 -L/home/nathan/build-newlib/x86_64-ooos/libgloss/libnosys -L/home/nathan/newlib/libgloss/x86_64   '
CCAS='x86_64-ooos-gcc -B/home/nathan/build-newlib/x86_64-ooos/newlib/ -isystem /home/nathan/build-newlib/x86_64-ooos/newlib/targ-include -isystem /home/nathan/newlib/newlib/libc/include -B/home/nathan/build-newlib/x86_64-ooos/libgloss/x86_64 -L/home/nathan/build-newlib/x86_64-ooos/libgloss/libnosys -L/home/nathan/newlib/libgloss/x86_64   '
CCASFLAGS='-g -O2'
CCDEPMODE='depmode=gcc3'
CYGPATH_W='echo'
DEFS='-DPACKAGE_NAME=\"newlib\" -DPACKAGE_TARNAME=\"newlib\" -DPACKAGE_VERSION=\"3.0.0\" -DPACKAGE_STRING=\"newlib\ 3.0.0\" -DPACKAGE_BUGREPORT=\"\" -DPACKAGE_URL=\"\"'
DEPDIR='.deps'
ECHO_C=''
ECHO_N='-n'
ECHO_T=''
ELIX_LEVEL_0_FALSE='#'
ELIX_LEVEL_0_TRUE=''
ELIX_LEVEL_1_FALSE=''
ELIX_LEVEL_1_TRUE='#'
ELIX_LEVEL_2_FALSE=''
ELIX_LEVEL_2_TRUE='#'
ELIX_LEVEL_3_FALSE=''
ELIX_LEVEL_3_TRUE='#'
ELIX_LEVEL_4_FALSE=''
ELIX_LEVEL_4_TRUE='#'
INSTALL_DATA='/usr/bin/install -c -m 644'
INSTALL_PROGRAM='/usr/bin/install -c'
INSTALL_SCRIPT='/usr/bin/install -c'
INSTALL_STRIP_PROGRAM='$(install_sh) -c -s'
LDFLAGS=''
LIBOBJS=''
LIBS=''
LTLIBOBJS=''
MAINT='#'
MAINTAINER_MODE_FALSE=''
MAINTAINER_MODE_TRUE='#'
MAKEINFO='makeinfo --split-size=5000000'
MAY_SUPPLY_SYSCALLS_FALSE='#'
MAY_SUPPLY_SYSCALLS_TRUE=''
MKDIR_P='/usr/bin/mkdir -p'
NEWLIB_CFLAGS=' -fno-builtin -DHAVE_MMAP=1 -DMISSING_SYSCALL_NAMES -DHAVE_INIT_FINI'
NO_INCLUDE_LIST=' rpc/types.h rpc/xdr.h'
OBJEXT='o'
PACKAGE='newlib'
PACKAGE_BUGREPORT=''
PACKAGE_NAME='newlib'
PACKAGE_STRING='newlib 3.0.0'
PACKAGE_TARNAME='newlib'
PACKAGE_URL=''
PACKAGE_VERSION='3.0.0'
PATH_SEPARATOR=':'
RANLIB='x86_64-ooos-ranlib'
READELF='x86_64-ooos-readelf'
SET_MAKE=''
SHELL='/bin/bash'
STRIP='x86_64-ooos-strip'
USE_LIBTOOL_FALSE=''
USE_LIBTOOL_TRUE='#'
VERSION='3.0.0'
aext='a'
am__fastdepCC_FALSE='#'
am__fastdepCC_TRUE=''
am__include='include'
am__isrc=' -I$(srcdir)'
am__leading_dot='.'
am__nodep='_no'
am__quote=''
am__tar='$${TAR-tar} chof - "$$tardir"'
am__untar='$${TAR-tar} xf -'
bindir='${exec_prefix}/bin'
build='x86_64-pc-linux-gnu'
build_alias='x86_64-pc-linux-gnu'
build_cpu='x86_64'
build_os='linux-gnu'
build_vendor='pc'
datadir='${datarootdir}'
datarootdir='${prefix}/share'
docdir='${datarootdir}/doc/${PACKAGE_TARNAME}'
dvidir='${docdir}'
exec_prefix='${prefix}'
host='x86_64-pc-ooos'
host_alias='x86_64-ooos'
host_cpu='x86_64'
host_os='ooos'
host_vendor='pc'
htmldir='${docdir}'
includedir='${prefix}/include'
infodir='${datarootdir}/info'
install_sh='${SHELL} /home/nathan/newlib/install-sh'
libdir='${exec_prefix}/lib'
libexecdir='${exec_prefix}/libexec'
libm_machine_dir=''
localedir='${datarootdir}/locale'
localstatedir='${prefix}/var'
lpfx='lib_a-'
machine_dir='x86_64'
mandir='${datarootdir}/man'
mkdir_p='/usr/bin/mkdir -p'
newlib_basedir='../../../../../../newlib/newlib/libc/machine/x86_64/../../..'
oext='o'
oldincludedir='/usr/include'
pdfdir='${docdir}'
prefix='/usr/local/ooos_sysroot/usr'
program_transform_name='s&^&x86_64-ooos-&'
psdir='${docdir}'
sbindir='${exec_prefix}/sbin'
sharedstatedir='${prefix}/com'
sys_dir='ooos'
sysconfdir='${prefix}/etc'
target_alias='x86_64-ooos'


/* confdefs.h */

configure: exit 0
